::1 - - [13/Jan/2020:17:37:29 +0000] "PUT /auth/signup HTTP/1.1" 201 294 "-" "Mozilla/5.0 (X11; Linux x86_64) AppleWebKit/537.36 (KHTML, like Gecko) Chrome/71.0.3578.98 Safari/537.36"
::1 - - [13/Jan/2020:17:38:06 +0000] "PUT /auth/login HTTP/1.1" 200 261 "http://localhost:3000/auth/login" "Mozilla/5.0 (X11; Linux x86_64) AppleWebKit/537.36 (KHTML, like Gecko) Chrome/71.0.3578.98 Safari/537.36"
::1 - - [13/Jan/2020:17:38:58 +0000] "PUT /auth/login HTTP/1.1" 404 39 "http://localhost:3000/auth/login" "Mozilla/5.0 (X11; Linux x86_64) AppleWebKit/537.36 (KHTML, like Gecko) Chrome/71.0.3578.98 Safari/537.36"
::1 - - [13/Jan/2020:17:41:39 +0000] "PUT /auth/login HTTP/1.1" 200 261 "http://localhost:3000/auth/login" "Mozilla/5.0 (X11; Linux x86_64) AppleWebKit/537.36 (KHTML, like Gecko) Chrome/71.0.3578.98 Safari/537.36"
::1 - - [13/Jan/2020:17:41:40 +0000] "GET /team/5e1caad92f79ba3f4a55bfc1 HTTP/1.1" 200 294 "http://localhost:3000/home" "Mozilla/5.0 (X11; Linux x86_64) AppleWebKit/537.36 (KHTML, like Gecko) Chrome/71.0.3578.98 Safari/537.36"
::1 - - [13/Jan/2020:17:41:55 +0000] "GET /team/getSentRequests/5e1caad92f79ba3f4a55bfc1 HTTP/1.1" 200 13 "http://localhost:3000/team/requests" "Mozilla/5.0 (X11; Linux x86_64) AppleWebKit/537.36 (KHTML, like Gecko) Chrome/71.0.3578.98 Safari/537.36"
::1 - - [13/Jan/2020:17:41:56 +0000] "GET /team/getRecievedRequests/5e1caad92f79ba3f4a55bfc1 HTTP/1.1" 200 13 "http://localhost:3000/team/requests" "Mozilla/5.0 (X11; Linux x86_64) AppleWebKit/537.36 (KHTML, like Gecko) Chrome/71.0.3578.98 Safari/537.36"
::1 - - [13/Jan/2020:17:42:03 +0000] "GET /team/5e1caad92f79ba3f4a55bfc1 HTTP/1.1" 304 - "http://localhost:3000/team" "Mozilla/5.0 (X11; Linux x86_64) AppleWebKit/537.36 (KHTML, like Gecko) Chrome/71.0.3578.98 Safari/537.36"
::1 - - [13/Jan/2020:17:42:06 +0000] "GET /team/5e1caad92f79ba3f4a55bfc1 HTTP/1.1" 304 - "http://localhost:3000/home" "Mozilla/5.0 (X11; Linux x86_64) AppleWebKit/537.36 (KHTML, like Gecko) Chrome/71.0.3578.98 Safari/537.36"
::1 - - [13/Jan/2020:17:57:47 +0000] "PUT /auth/signup HTTP/1.1" 201 297 "http://localhost:3000/auth/signup" "Mozilla/5.0 (X11; Linux x86_64) AppleWebKit/537.36 (KHTML, like Gecko) Chrome/71.0.3578.98 Safari/537.36"
::1 - - [13/Jan/2020:18:01:38 +0000] "PUT /auth/login HTTP/1.1" 200 263 "http://localhost:3000/auth/login" "Mozilla/5.0 (X11; Linux x86_64) AppleWebKit/537.36 (KHTML, like Gecko) Chrome/71.0.3578.98 Safari/537.36"
::1 - - [13/Jan/2020:18:01:39 +0000] "GET /team/5e1caf9a2f79ba3f4a55bfc2 HTTP/1.1" 200 297 "http://localhost:3000/home" "Mozilla/5.0 (X11; Linux x86_64) AppleWebKit/537.36 (KHTML, like Gecko) Chrome/71.0.3578.98 Safari/537.36"
::1 - - [13/Jan/2020:18:01:55 +0000] "GET /team/5e1caf9a2f79ba3f4a55bfc2 HTTP/1.1" 304 - "http://localhost:3000/home" "Mozilla/5.0 (X11; Linux x86_64) AppleWebKit/537.36 (KHTML, like Gecko) Chrome/71.0.3578.98 Safari/537.36"
::1 - - [13/Jan/2020:18:02:45 +0000] "GET /team/5e1caf9a2f79ba3f4a55bfc2 HTTP/1.1" 200 13 "http://localhost:3000/team" "Mozilla/5.0 (X11; Linux x86_64) AppleWebKit/537.36 (KHTML, like Gecko) Chrome/71.0.3578.98 Safari/537.36"
::1 - - [13/Jan/2020:18:20:30 +0000] "PUT /auth/signup HTTP/1.1" - - "http://localhost:3000/auth/signup" "Mozilla/5.0 (X11; Linux x86_64) AppleWebKit/537.36 (KHTML, like Gecko) Chrome/71.0.3578.98 Safari/537.36"
::1 - - [13/Jan/2020:18:27:02 +0000] "PUT /auth/signup HTTP/1.1" - - "http://localhost:3000/auth/login" "Mozilla/5.0 (X11; Linux x86_64) AppleWebKit/537.36 (KHTML, like Gecko) Chrome/71.0.3578.98 Safari/537.36"
::1 - - [13/Jan/2020:18:28:37 +0000] "PUT /auth/signup HTTP/1.1" - - "http://localhost:3000/auth/login" "Mozilla/5.0 (X11; Linux x86_64) AppleWebKit/537.36 (KHTML, like Gecko) Chrome/71.0.3578.98 Safari/537.36"
::1 - - [13/Jan/2020:18:29:24 +0000] "PUT /auth/signup HTTP/1.1" - - "http://localhost:3000/auth/login" "Mozilla/5.0 (X11; Linux x86_64) AppleWebKit/537.36 (KHTML, like Gecko) Chrome/71.0.3578.98 Safari/537.36"
::1 - - [13/Jan/2020:18:30:33 +0000] "PUT /auth/signup HTTP/1.1" - - "http://localhost:3000/auth/login" "Mozilla/5.0 (X11; Linux x86_64) AppleWebKit/537.36 (KHTML, like Gecko) Chrome/71.0.3578.98 Safari/537.36"
::1 - - [13/Jan/2020:18:31:34 +0000] "PUT /auth/signup HTTP/1.1" - - "http://localhost:3000/auth/login" "Mozilla/5.0 (X11; Linux x86_64) AppleWebKit/537.36 (KHTML, like Gecko) Chrome/71.0.3578.98 Safari/537.36"
::1 - - [13/Jan/2020:18:38:00 +0000] "PUT /auth/signup HTTP/1.1" 201 337 "http://localhost:3000/auth/login" "Mozilla/5.0 (X11; Linux x86_64) AppleWebKit/537.36 (KHTML, like Gecko) Chrome/71.0.3578.98 Safari/537.36"
::1 - - [13/Jan/2020:18:39:11 +0000] "PUT /auth/login HTTP/1.1" 200 263 "http://localhost:3000/auth/login" "Mozilla/5.0 (X11; Linux x86_64) AppleWebKit/537.36 (KHTML, like Gecko) Chrome/71.0.3578.98 Safari/537.36"
::1 - - [13/Jan/2020:18:39:12 +0000] "GET /team/5e1cb9081dbb8745d88287eb HTTP/1.1" 200 337 "http://localhost:3000/home" "Mozilla/5.0 (X11; Linux x86_64) AppleWebKit/537.36 (KHTML, like Gecko) Chrome/71.0.3578.98 Safari/537.36"
::1 - - [13/Jan/2020:18:39:41 +0000] "GET /team/5e1cb9081dbb8745d88287eb HTTP/1.1" 304 - "http://localhost:3000/home" "Mozilla/5.0 (X11; Linux x86_64) AppleWebKit/537.36 (KHTML, like Gecko) Chrome/71.0.3578.98 Safari/537.36"
::1 - - [13/Jan/2020:18:44:36 +0000] "PUT /auth/signup HTTP/1.1" 201 375 "http://localhost:3000/auth/login" "Mozilla/5.0 (X11; Linux x86_64) AppleWebKit/537.36 (KHTML, like Gecko) Chrome/71.0.3578.98 Safari/537.36"
::1 - - [13/Jan/2020:18:44:55 +0000] "PUT /auth/login HTTP/1.1" 200 263 "http://localhost:3000/auth/login" "Mozilla/5.0 (X11; Linux x86_64) AppleWebKit/537.36 (KHTML, like Gecko) Chrome/71.0.3578.98 Safari/537.36"
::1 - - [13/Jan/2020:18:44:56 +0000] "GET /team/5e1cba934bfbdf4679ecd4d5 HTTP/1.1" 200 375 "http://localhost:3000/home" "Mozilla/5.0 (X11; Linux x86_64) AppleWebKit/537.36 (KHTML, like Gecko) Chrome/71.0.3578.98 Safari/537.36"
::1 - - [13/Jan/2020:18:45:47 +0000] "PUT /locations/5e1cba934bfbdf4679ecd4d5 HTTP/1.1" - - "http://localhost:3000/locations?lon=3.3792057&lat=6.5243793" "Mozilla/5.0 (X11; Linux x86_64) AppleWebKit/537.36 (KHTML, like Gecko) Chrome/71.0.3578.98 Safari/537.36"
::1 - - [13/Jan/2020:18:54:22 +0000] "PUT /auth/login HTTP/1.1" 200 263 "http://localhost:3000/auth/login" "Mozilla/5.0 (X11; Linux x86_64) AppleWebKit/537.36 (KHTML, like Gecko) Chrome/71.0.3578.98 Safari/537.36"
::1 - - [13/Jan/2020:18:54:22 +0000] "GET /team/5e1cba934bfbdf4679ecd4d5 HTTP/1.1" 200 371 "http://localhost:3000/home" "Mozilla/5.0 (X11; Linux x86_64) AppleWebKit/537.36 (KHTML, like Gecko) Chrome/71.0.3578.98 Safari/537.36"
::1 - - [13/Jan/2020:19:04:42 +0000] "GET /team/5e1cba934bfbdf4679ecd4d5 HTTP/1.1" 304 - "http://localhost:3000/home" "Mozilla/5.0 (X11; Linux x86_64) AppleWebKit/537.36 (KHTML, like Gecko) Chrome/71.0.3578.98 Safari/537.36"
